<?xml version="1.0" encoding="UTF-8"?>
<!-- Generated by org.testng.reporters.JUnitReportReporter -->
<testsuite hostname="RaviWindows" failures="0" tests="1" name="com.testng.Frames" time="6.128" errors="0" timestamp="2022-02-09T20:51:12 IST" skipped="0">
  <testcase classname="com.testng.Frames" name="f" time="6.128"/>
  <system-out/>
</testsuite> <!-- com.testng.Frames -->
