<?xml version="1.0" encoding="UTF-8"?>
<!-- Generated by org.testng.reporters.JUnitReportReporter -->
<testsuite hostname="RaviWindows" failures="0" tests="2" name="com.selenium.Hellow" time="0.007" errors="0" timestamp="2022-02-07T20:38:49 IST" skipped="0">
  <testcase classname="com.selenium.Hellow" name="f" time="0.005"/>
  <system-out/>
  <testcase classname="com.selenium.Hellow" name="ff" time="0.002"/>
  <system-out/>
</testsuite> <!-- com.selenium.Hellow -->
