<?xml version="1.0" encoding="UTF-8"?>
<!-- Generated by org.testng.reporters.JUnitReportReporter -->
<testsuite hostname="RaviWindows" failures="0" tests="1" name="com.testng.FirstTestng" time="0.106" errors="0" timestamp="2022-02-07T21:11:12 IST" skipped="0">
  <testcase classname="com.testng.FirstTestng" name="f" time="0.106"/>
  <system-out/>
</testsuite> <!-- com.testng.FirstTestng -->
