<?xml version="1.0" encoding="UTF-8"?>
<!-- Generated by org.testng.reporters.JUnitReportReporter -->
<testsuite hostname="RaviWindows" failures="0" tests="5" name="com.testng.Priorities2" time="0.006" errors="0" timestamp="2022-02-07T21:11:12 IST" skipped="0">
  <testcase classname="com.testng.Priorities2" name="z" time="0.001"/>
  <system-out/>
  <testcase classname="com.testng.Priorities2" name="thirdMethod" time="0.002"/>
  <system-out/>
  <testcase classname="com.testng.Priorities2" name="secondMethod" time="0.001"/>
  <system-out/>
  <testcase classname="com.testng.Priorities2" name="fourthMethod" time="0.001"/>
  <system-out/>
  <testcase classname="com.testng.Priorities2" name="firstMethod" time="0.001"/>
  <system-out/>
</testsuite> <!-- com.testng.Priorities2 -->
